<?xml version="1.0" encoding="UTF-8"?>
<!-- Generated by org.testng.reporters.JUnitReportReporter -->
<testsuite hostname="VNPF1RGDHK" name="Automation.Matanet.Pages.Products.ProductPageTest" tests="1" failures="0" timestamp="9 Apr 2021 04:57:01 GMT" time="2.728" errors="0">
  <testcase name="testCountNumberOfProductsEqual6" time="2.728" classname="Automation.Matanet.Pages.Products.ProductPageTest"/>
</testsuite> <!-- Automation.Matanet.Pages.Products.ProductPageTest -->
